Mon Feb 23 08:42:57 EET 2026 : Apache Derby Network Server - 10.10.2.0 - (1582446) started and ready to accept connections on port 1527
----------------------------------------------------------------
Mon Feb 23 08:42:58 EET 2026:
Booting Derby version The Apache Software Foundation - Apache Derby - 10.10.2.0 - (1582446): instance a816c00e-019c-893c-a07f-00001c5d64df 
on database directory C:\Users\User.B-103-23-05\Downloads\PD1_Test_Plehanovs\QuizDB with class loader jdk.internal.loader.ClassLoaders$AppClassLoader@2a139a55 
Loaded from file:/C:/Program%20Files/glassfish-4.1.1/javadb/lib/derby.jar
java.vendor=Oracle Corporation
java.runtime.version=17.0.6+9-LTS-190
user.dir=C:\Program Files\glassfish-4.1.1\javadb
os.name=Windows 10
os.arch=amd64
os.version=10.0
derby.system.home=C:\Users\User.B-103-23-05\Downloads\PD1_Test_Plehanovs
Database Class Loader started - derby.database.classpath=''
----------------------------------------------------------------
Mon Feb 23 11:04:42 EET 2026: Shutting down Derby engine
----------------------------------------------------------------
Mon Feb 23 11:04:42 EET 2026:
Shutting down instance a816c00e-019c-893c-a07f-00001c5d64df on database directory C:\Users\User.B-103-23-05\Downloads\PD1_Test_Plehanovs\QuizDB with class loader jdk.internal.loader.ClassLoaders$AppClassLoader@2a139a55 
----------------------------------------------------------------
